Logfile initialized
[INFO] logfile = /home/probizmo/Downloads/client-Android/Sisyphus/build.log
[DEBUG] /home/probizmo/.titanium/mobilesdk/linux/3.2.0.GA/android/builder.py simulator Sisyphus /home/probizmo/adt-bundle-linux-x86_64-20131030/sdk /home/probizmo/Downloads/client-Android/Sisyphus jp.ac.okayama.misasa.Sisyphus 1 WVGA800 
[INFO] Building Sisyphus for Android ... one moment
[DEBUG] Waiting for device to be ready ...
[TRACE] adb devices returned 0 devices/emulators
[TRACE] adb devices returned 1 devices/emulators
[TRACE] adb devices returned 1 devices/emulators
[TRACE] adb devices returned 1 devices/emulators
[TRACE] adb devices returned 1 devices/emulators
[TRACE] adb devices returned 1 devices/emulators
[TRACE] adb devices returned 1 devices/emulators
[TRACE] adb devices returned 1 devices/emulators
[TRACE] adb devices returned 1 devices/emulators
[TRACE] adb devices returned 1 devices/emulators
[TRACE] adb devices returned 1 devices/emulators
[TRACE] adb devices returned 1 devices/emulators
[TRACE] adb devices returned 1 devices/emulators
[TRACE] adb devices returned 1 devices/emulators
[TRACE] adb devices returned 1 devices/emulators
[TRACE] adb devices returned 1 devices/emulators
[DEBUG] Device connected... (waited 75 seconds)
[DEBUG] waited 77.443178 seconds on emulator to get ready
[INFO] Waiting for the Android Emulator to become available
[DEBUG] jp.ac.okayama.misasa.Sisyphus installed? True
[INFO] Fastdev server running, deploying in Fastdev mode
[INFO] Copying CommonJS modules...
[INFO] Copying project resources..
[TRACE] COPYING MODIFIED FILE: /home/probizmo/Downloads/client-Android/Sisyphus/Resources/sisyphus/ui/android/AddChildWindow.js => /home/probizmo/Downloads/client-Android/Sisyphus/build/android/bin/assets/Resources/sisyphus/ui/android/AddChildWindow.js
[TRACE] COPYING MODIFIED FILE: /home/probizmo/Downloads/client-Android/Sisyphus/Resources/sisyphus/model/medusa/attachment_file.js => /home/probizmo/Downloads/client-Android/Sisyphus/build/android/bin/assets/Resources/sisyphus/model/medusa/attachment_file.js
[TRACE] COPYING MODIFIED FILE: /home/probizmo/Downloads/client-Android/Sisyphus/Resources/sisyphus/model/medusa/box.js => /home/probizmo/Downloads/client-Android/Sisyphus/build/android/bin/assets/Resources/sisyphus/model/medusa/box.js
[TRACE] COPYING MODIFIED FILE: /home/probizmo/Downloads/client-Android/Sisyphus/Resources/sisyphus/model/medusa/stone.js => /home/probizmo/Downloads/client-Android/Sisyphus/build/android/bin/assets/Resources/sisyphus/model/medusa/stone.js
[TRACE] COPYING MODIFIED FILE: /home/probizmo/Downloads/client-Android/Sisyphus/Resources/sisyphus/model/medusa.js => /home/probizmo/Downloads/client-Android/Sisyphus/build/android/bin/assets/Resources/sisyphus/model/medusa.js
[DEBUG] LiveView not enabled
[INFO] Tiapp.xml unchanged, skipping class generation
[DEBUG] Processing Android resource drawables
[INFO] Copying platform-specific files for 'scanditsdk' module
[DEBUG] found drawable-long-port-hdpi splash screen at /home/probizmo/Downloads/client-Android/Sisyphus/Resources/android/images/res-long-port-hdpi/default.png
[DEBUG] found drawable-notlong-land-mdpi splash screen at /home/probizmo/Downloads/client-Android/Sisyphus/Resources/android/images/res-notlong-land-mdpi/default.png
[DEBUG] found drawable-notlong-land-hdpi splash screen at /home/probizmo/Downloads/client-Android/Sisyphus/Resources/android/images/res-notlong-land-hdpi/default.png
[DEBUG] found drawable-long-land-hdpi splash screen at /home/probizmo/Downloads/client-Android/Sisyphus/Resources/android/images/res-long-land-hdpi/default.png
[DEBUG] found drawable-notlong-land-ldpi splash screen at /home/probizmo/Downloads/client-Android/Sisyphus/Resources/android/images/res-notlong-land-ldpi/default.png
[DEBUG] found drawable-notlong-port-hdpi splash screen at /home/probizmo/Downloads/client-Android/Sisyphus/Resources/android/images/res-notlong-port-hdpi/default.png
[DEBUG] found drawable-notlong-port-ldpi splash screen at /home/probizmo/Downloads/client-Android/Sisyphus/Resources/android/images/res-notlong-port-ldpi/default.png
[DEBUG] found drawable-long-land-ldpi splash screen at /home/probizmo/Downloads/client-Android/Sisyphus/Resources/android/images/res-long-land-ldpi/default.png
[DEBUG] found drawable-long-port-ldpi splash screen at /home/probizmo/Downloads/client-Android/Sisyphus/Resources/android/images/res-long-port-ldpi/default.png
[DEBUG] found drawable-notlong-port-mdpi splash screen at /home/probizmo/Downloads/client-Android/Sisyphus/Resources/android/images/res-notlong-port-mdpi/default.png
[INFO] Waiting for SDCard to become available..
[INFO] Re-launching application ... Sisyphus
[INFO] Launching application ... Sisyphus
[TRACE] Launch output: Starting: Intent { act=android.intent.action.MAIN cat=[android.intent.category.LAUNCHER] flg=0x10200000 cmp=jp.ac.okayama.misasa.Sisyphus/.SisyphusActivity }

[DEBUG] signal caught: 15
[DEBUG] calling emulator kill on 3384
